<?xml version="1.0" encoding="UTF-8"?>
<!-- Generated by org.testng.reporters.JUnitXMLReporter -->
<testsuite ignored="0" hostname="Dell-7390" failures="1" tests="3" name="Test" time="0.101" errors="0" timestamp="2023-04-12T11:28:39 GMT-04:00">
  <testcase classname="TestNG.TestCreditCard" name="testCreditCard1" time="0.011"/>
  <testcase classname="TestNG.TestCreditCard" name="testCreditCard2" time="0.001"/>
  <testcase classname="TestNG.TestCreditCard" name="testCreditCard3" time="0.0">
    <failure type="org.testng.TestNGException" message="
Method public void TestNG.TestCreditCard.testCreditCard3(java.lang.String,java.lang.String,java.lang.String,java.lang.String) requires a @DataProvider named : CCUserData">
      <![CDATA[org.testng.TestNGException: 
Method public void TestNG.TestCreditCard.testCreditCard3(java.lang.String,java.lang.String,java.lang.String,java.lang.String) requires a @DataProvider named : CCUserData
at java.base/java.util.ArrayList.forEach(ArrayList.java:1511)
... Removed 24 stack frames]]>
    </failure>
  </testcase> <!-- testCreditCard3 -->
</testsuite> <!-- Test -->
