<?xml version="1.0" encoding="UTF-8"?>
<!-- Generated by org.testng.reporters.JUnitXMLReporter -->
<testsuite ignored="1" hostname="Dell-7390" failures="0" tests="4" name="GRP-Sanity" time="17.589" errors="0" timestamp="2023-04-05T13:16:51 GMT-04:00">
  <testcase classname="TestNG.TestCreditCard" name="testCreditCard1" time="0.008"/>
  <testcase classname="TestNG.TestCreditCard" name="testCreditCard2" time="0.001"/>
  <testcase classname="TestNG.drop" name="sortGridTest" time="3.222"/>
  <testcase classname="TestNG.drop" name="sortListTest" time="4.016"/>
  <testcase classname="TestNG.TestCreditCard" name="testCreditCard3" time="0.0">
    <ignored/>
  </testcase> <!-- testCreditCard3 -->
</testsuite> <!-- GRP-Sanity -->
