<?xml version="1.0" encoding="UTF-8"?>
<testng-results ignored="0" total="3" passed="2" failed="1" skipped="0">
  <reporter-output>
  </reporter-output>
  <suite started-at="2023-04-12T11:28:39 GMT-04:00" name="Suite" finished-at="2023-04-12T11:28:39 GMT-04:00" duration-ms="101">
    <groups>
      <group name="Integration">
        <method signature="TestCreditCard.testCreditCard2()[pri:0, instance:TestNG.TestCreditCard@1ffaf86]" name="testCreditCard2" class="TestNG.TestCreditCard"/>
      </group> <!-- Integration -->
      <group name="Sanity">
        <method signature="TestCreditCard.testCreditCard2()[pri:0, instance:TestNG.TestCreditCard@1ffaf86]" name="testCreditCard2" class="TestNG.TestCreditCard"/>
      </group> <!-- Sanity -->
      <group name="Regression">
        <method signature="TestCreditCard.testCreditCard1(java.lang.String)[pri:0, instance:TestNG.TestCreditCard@1ffaf86]" name="testCreditCard1" class="TestNG.TestCreditCard"/>
        <method signature="TestCreditCard.testCreditCard3(java.lang.String,java.lang.String,java.lang.String,java.lang.String)[pri:0, instance:TestNG.TestCreditCard@1ffaf86]" name="testCreditCard3" class="TestNG.TestCreditCard"/>
      </group> <!-- Regression -->
    </groups>
    <test started-at="2023-04-12T11:28:39 GMT-04:00" name="Test" finished-at="2023-04-12T11:28:39 GMT-04:00" duration-ms="101">
      <class name="TestNG.TestCreditCard">
        <test-method is-config="true" signature="accountLogin()[pri:0, instance:TestNG.TestCreditCard@1ffaf86]" started-at="2023-04-12T11:28:39 GMT-04:00" name="accountLogin" finished-at="2023-04-12T11:28:39 GMT-04:00" duration-ms="15" status="PASS">
          <reporter-output>
          </reporter-output>
        </test-method> <!-- accountLogin -->
        <test-method is-config="true" signature="testCreditCardIssue()[pri:0, instance:TestNG.TestCreditCard@1ffaf86]" started-at="2023-04-12T11:28:39 GMT-04:00" name="testCreditCardIssue" finished-at="2023-04-12T11:28:39 GMT-04:00" duration-ms="1" status="PASS">
          <reporter-output>
          </reporter-output>
        </test-method> <!-- testCreditCardIssue -->
        <test-method is-config="true" signature="testCreditCardBalance()[pri:0, instance:TestNG.TestCreditCard@1ffaf86]" started-at="2023-04-12T11:28:39 GMT-04:00" name="testCreditCardBalance" finished-at="2023-04-12T11:28:39 GMT-04:00" duration-ms="0" status="PASS">
          <reporter-output>
          </reporter-output>
        </test-method> <!-- testCreditCardBalance -->
        <test-method signature="testCreditCard1(java.lang.String)[pri:0, instance:TestNG.TestCreditCard@1ffaf86]" started-at="2023-04-12T11:28:39 GMT-04:00" name="testCreditCard1" finished-at="2023-04-12T11:28:39 GMT-04:00" duration-ms="11" status="PASS">
          <params>
            <param index="0">
              <value>
                <![CDATA[Nikita]]>
              </value>
            </param>
          </params>
          <reporter-output>
          </reporter-output>
        </test-method> <!-- testCreditCard1 -->
        <test-method is-config="true" signature="TestResetBalance()[pri:0, instance:TestNG.TestCreditCard@1ffaf86]" started-at="2023-04-12T11:28:39 GMT-04:00" name="TestResetBalance" finished-at="2023-04-12T11:28:39 GMT-04:00" duration-ms="0" status="PASS">
          <reporter-output>
          </reporter-output>
        </test-method> <!-- TestResetBalance -->
        <test-method is-config="true" signature="testBeforeGroups()[pri:0, instance:TestNG.TestCreditCard@1ffaf86]" started-at="2023-04-12T11:28:39 GMT-04:00" name="testBeforeGroups" finished-at="2023-04-12T11:28:39 GMT-04:00" duration-ms="0" status="PASS">
          <reporter-output>
          </reporter-output>
        </test-method> <!-- testBeforeGroups -->
        <test-method is-config="true" signature="testCreditCardBalance()[pri:0, instance:TestNG.TestCreditCard@1ffaf86]" started-at="2023-04-12T11:28:39 GMT-04:00" name="testCreditCardBalance" finished-at="2023-04-12T11:28:39 GMT-04:00" duration-ms="1" status="PASS">
          <reporter-output>
          </reporter-output>
        </test-method> <!-- testCreditCardBalance -->
        <test-method signature="testCreditCard2()[pri:0, instance:TestNG.TestCreditCard@1ffaf86]" started-at="2023-04-12T11:28:39 GMT-04:00" name="testCreditCard2" finished-at="2023-04-12T11:28:39 GMT-04:00" duration-ms="1" status="PASS">
          <reporter-output>
          </reporter-output>
        </test-method> <!-- testCreditCard2 -->
        <test-method is-config="true" signature="TestResetBalance()[pri:0, instance:TestNG.TestCreditCard@1ffaf86]" started-at="2023-04-12T11:28:39 GMT-04:00" name="TestResetBalance" finished-at="2023-04-12T11:28:39 GMT-04:00" duration-ms="0" status="PASS">
          <reporter-output>
          </reporter-output>
        </test-method> <!-- TestResetBalance -->
        <test-method is-config="true" signature="testAfterGroups()[pri:0, instance:TestNG.TestCreditCard@1ffaf86]" started-at="2023-04-12T11:28:39 GMT-04:00" name="testAfterGroups" finished-at="2023-04-12T11:28:39 GMT-04:00" duration-ms="0" status="PASS">
          <reporter-output>
          </reporter-output>
        </test-method> <!-- testAfterGroups -->
        <test-method signature="testCreditCard3(java.lang.String,java.lang.String,java.lang.String,java.lang.String)[pri:0, instance:TestNG.TestCreditCard@1ffaf86]" started-at="2023-04-12T11:28:39 GMT-04:00" name="testCreditCard3" finished-at="2023-04-12T11:28:39 GMT-04:00" duration-ms="0" status="FAIL">
          <exception class="org.testng.TestNGException">
            <message>
              <![CDATA[
Method public void TestNG.TestCreditCard.testCreditCard3(java.lang.String,java.lang.String,java.lang.String,java.lang.String) requires a @DataProvider named : CCUserData]]>
            </message>
            <full-stacktrace>
              <![CDATA[org.testng.TestNGException: 
Method public void TestNG.TestCreditCard.testCreditCard3(java.lang.String,java.lang.String,java.lang.String,java.lang.String) requires a @DataProvider named : CCUserData
at org.testng.internal.Parameters.findDataProvider(Parameters.java:526)
at org.testng.internal.Parameters.handleParameters(Parameters.java:763)
at org.testng.internal.Parameters.handleParameters(Parameters.java:728)
at org.testng.internal.invokers.ParameterHandler.handleParameters(ParameterHandler.java:72)
at org.testng.internal.invokers.ParameterHandler.createParameters(ParameterHandler.java:51)
at org.testng.internal.invokers.TestInvoker$MethodInvocationAgent.invoke(TestInvoker.java:924)
at org.testng.internal.invokers.TestInvoker.invokeTestMethods(TestInvoker.java:194)
at org.testng.internal.invokers.TestMethodWorker.invokeTestMethods(TestMethodWorker.java:148)
at org.testng.internal.invokers.TestMethodWorker.run(TestMethodWorker.java:128)
at java.base/java.util.ArrayList.forEach(ArrayList.java:1511)
at org.testng.TestRunner.privateRun(TestRunner.java:829)
at org.testng.TestRunner.run(TestRunner.java:602)
at org.testng.SuiteRunner.runTest(SuiteRunner.java:437)
at org.testng.SuiteRunner.runSequentially(SuiteRunner.java:431)
at org.testng.SuiteRunner.privateRun(SuiteRunner.java:391)
at org.testng.SuiteRunner.run(SuiteRunner.java:330)
at org.testng.SuiteRunnerWorker.runSuite(SuiteRunnerWorker.java:52)
at org.testng.SuiteRunnerWorker.run(SuiteRunnerWorker.java:95)
at org.testng.TestNG.runSuitesSequentially(TestNG.java:1256)
at org.testng.TestNG.runSuitesLocally(TestNG.java:1176)
at org.testng.TestNG.runSuites(TestNG.java:1099)
at org.testng.TestNG.run(TestNG.java:1067)
at org.testng.remote.AbstractRemoteTestNG.run(AbstractRemoteTestNG.java:115)
at org.testng.remote.RemoteTestNG.initAndRun(RemoteTestNG.java:251)
at org.testng.remote.RemoteTestNG.main(RemoteTestNG.java:77)
]]>
            </full-stacktrace>
          </exception> <!-- org.testng.TestNGException -->
          <reporter-output>
          </reporter-output>
        </test-method> <!-- testCreditCard3 -->
        <test-method is-config="true" signature="TestCreditCardRevoke()[pri:0, instance:TestNG.TestCreditCard@1ffaf86]" started-at="2023-04-12T11:28:39 GMT-04:00" name="TestCreditCardRevoke" finished-at="2023-04-12T11:28:39 GMT-04:00" duration-ms="1" status="PASS">
          <reporter-output>
          </reporter-output>
        </test-method> <!-- TestCreditCardRevoke -->
        <test-method is-config="true" signature="accountLogOut()[pri:0, instance:TestNG.TestCreditCard@1ffaf86]" started-at="2023-04-12T11:28:39 GMT-04:00" name="accountLogOut" finished-at="2023-04-12T11:28:39 GMT-04:00" duration-ms="0" status="PASS">
          <reporter-output>
          </reporter-output>
        </test-method> <!-- accountLogOut -->
      </class> <!-- TestNG.TestCreditCard -->
    </test> <!-- Test -->
  </suite> <!-- Suite -->
</testng-results>
